<?xml version="1.0" encoding="UTF-8"?>
<!-- Generated by org.testng.reporters.JUnitReportReporter -->
<testsuite hostname="BarkZion" failures="0" tests="1" name="com.amazon.qa.testcases.PrimeVideoPageTest" time="16.396" errors="0" timestamp="2020-08-16T10:01:41 PDT" skipped="0">
  <testcase classname="com.amazon.qa.testcases.PrimeVideoPageTest" name="clickOnPrimeVideoPageLinkTest" time="16.396"/>
  <system-out/>
</testsuite> <!-- com.amazon.qa.testcases.PrimeVideoPageTest -->
