<?xml version="1.0" encoding="UTF-8"?>
<!-- Generated by org.testng.reporters.JUnitReportReporter -->
<testsuite hostname="BarkZion" failures="0" tests="1" name="com.amazon.qa.testcases.CategoryPageTest" time="15.257" errors="0" timestamp="2020-08-17T19:14:06 PDT" skipped="0">
  <testcase classname="com.amazon.qa.testcases.CategoryPageTest" name="selectCategoryTest" time="15.257"/>
  <system-out/>
</testsuite> <!-- com.amazon.qa.testcases.CategoryPageTest -->
