<?xml version="1.0" encoding="UTF-8"?>
<!-- Generated by org.testng.reporters.JUnitReportReporter -->
<testsuite hostname="BarkZion" failures="0" tests="3" name="com.amazon.qa.testcases.LoginPageTest" time="39.891" errors="0" timestamp="2020-08-18T00:29:31 PDT" skipped="0">
  <testcase classname="com.amazon.qa.testcases.LoginPageTest" name="loginPageTitleTest" time="13.362"/>
  <system-out/>
  <testcase classname="com.amazon.qa.testcases.LoginPageTest" name="AmazonLogoImageTest" time="12.080"/>
  <system-out/>
  <testcase classname="com.amazon.qa.testcases.LoginPageTest" name="loginTest" time="14.449"/>
  <system-out/>
</testsuite> <!-- com.amazon.qa.testcases.LoginPageTest -->
