<?xml version="1.0" encoding="UTF-8"?>
<!-- Generated by org.testng.reporters.JUnitReportReporter -->
<testsuite hostname="BarkZion" failures="0" tests="1" name="com.amazon.qa.testcases.CategoriesPageTest" time="17.754" errors="0" timestamp="2020-08-17T18:58:27 PDT" skipped="0">
  <testcase classname="com.amazon.qa.testcases.CategoriesPageTest" name="selectCategoryTest" time="17.754"/>
  <system-out/>
</testsuite> <!-- com.amazon.qa.testcases.CategoriesPageTest -->
